<?xml version='1.0' encoding='utf-8'?>
<testsuite name="cc_runtime_harness" tests="18" failures="0" errors="0"><testcase classname="negatives" name="inconsistent_position_count" time="0" /><testcase classname="negatives" name="split_root_stale_date" time="0" /><testcase classname="negatives" name="literal_fresh_stale_file" time="0" /><testcase classname="negatives" name="missing_envelope_fields" time="0" /><testcase classname="negatives" name="wrong_build_sha" time="0" /><testcase classname="negatives" name="unaccounted_route" time="0" /><testcase classname="negatives" name="attempted_live_write" time="0" /><testcase classname="boundaries" name="midnight_et_date_only" time="0" /><testcase classname="boundaries" name="within_36h" time="0" /><testcase classname="boundaries" name="exactly_market_session_prior" time="0" /><testcase classname="boundaries" name="dst_spring_forward_date" time="0" /><testcase classname="boundaries" name="future_skew_rejected" time="0" /><testcase classname="boundaries" name="clock_regression_old" time="0" /><testcase classname="boundaries" name="missing_data" time="0" /><testcase classname="boundaries" name="malformed_data" time="0" /><testcase classname="cross_page" name="cross_page_consistency" time="0" /><testcase classname="safety" name="get_mutation_guard" time="0" /><testcase classname="safety" name="live_write_refused" time="0" /></testsuite>
